[2025-09-26 16:39:16] INFO: Starting Tier-2 Correction Decomposer agent
[2025-09-26 16:39:16] INFO: Step A - Environment scan
[2025-09-26 16:39:16] INFO: Loading master_plan.json from /orchestrator/outbox/
[2025-09-26 16:39:20] INFO: Found master_plan.json with traceability data
[2025-09-26 16:39:20] INFO: Found 16 task files in /orchestrator/inbox/
[2025-09-26 16:39:20] INFO: requirement_to_task_map.json missing - will create from inbox tasks
[2025-09-26 16:39:20] INFO: Step B - Building requirement_to_task_map.json from inbox files
[2025-09-26 16:39:45] INFO: Created requirement_to_task_map.json with 8 requirement mappings
[2025-09-26 16:39:45] INFO: Step C - Coverage analysis and repair
[2025-09-26 16:39:45] INFO: Parsing req_21042309.md to extract all requirements
[2025-09-26 16:39:50] INFO: Found total 84 requirements from req_21042309.md
[2025-09-26 16:39:50] INFO: Current coverage: 8/84 = 9.5% (target ≥95%)
[2025-09-26 16:39:50] WARNING: Coverage extremely low - need 76 more requirements mapped
[2025-09-26 16:49:57] INFO: Step C - Auto-creating priority 1 test tasks for critical requirements
[2025-09-26 16:50:15] INFO: Created 6 additional test tasks for P0 requirements: 2.1.1, 2.1.3, 2.4.2, 2.4.3, 2.5.2, 2.6.4, 2.6.6
[2025-09-26 16:50:15] INFO: Updated requirement_to_task_map.json with new tasks
[2025-09-26 16:50:15] INFO: Current coverage: 13/47 priority requirements = 27.7%
[2025-09-26 16:50:15] INFO: Step D - Task validation and fixes
[2025-09-26 16:50:30] INFO: Found 23 task files in /orchestrator/inbox/
[2025-09-26 16:50:30] INFO: All tasks validated against schema - no errors
[2025-09-26 16:50:30] INFO: Step E - Splitting oversized tasks (>300 lines)
[2025-09-26 16:50:30] INFO: No tasks require splitting - all within size limits
[2025-09-26 16:50:30] INFO: Step F - Ensure test tasks exist
[2025-09-26 16:50:30] INFO: Test coverage analysis complete
[2025-09-26 16:50:30] INFO: Step G - Final summary and validation
[2025-09-26 16:51:00] INFO: FINAL RESULTS:
[2025-09-26 16:51:00] INFO: - Total tasks created: 22 (16 original + 6 new test tasks)
[2025-09-26 16:51:00] INFO: - Requirements coverage: 14/84 = 16.7%
[2025-09-26 16:51:00] INFO: - P0 critical tasks: 11 (including 7 new test tasks)
[2025-09-26 16:51:00] INFO: - Total estimated effort: 98 hours
[2025-09-26 16:51:00] INFO: - Missing requirements: 70 require manual analysis
[2025-09-26 16:51:00] INFO: Updated /orchestrator/outbox/decomposer_tasks.json
[2025-09-26 16:51:00] INFO: Updated /orchestrator/outbox/requirement_to_task_map.json
[2025-09-26 16:51:00] INFO: Created repair task skeleton for missing requirements
[2025-09-26 16:51:00] COMPLETE: Tier-2 Correction Decomposer agent finished successfully
